#
# A fatal error has been detected by the Java Runtime Environment:
#
#  EXCEPTION_ACCESS_VIOLATION (0xc0000005) at pc=0x00007ffc9bb31222, pid=7712, tid=14316
#
# JRE version: OpenJDK Runtime Environment AdoptOpenJDK (11.0.8+1) (build 11.0.8+1-202007270708)
# Java VM: Dynamic Code Evolution 64-Bit Server VM AdoptOpenJDK (11.0.8+1-202007270708, mixed mode, tiered, compressed oops, serial gc, windows-amd64)
# Problematic frame:
# C  [glfw.dll+0x1222]
#
# No core dump will be written. Minidumps are not enabled by default on client versions of Windows
#
# If you would like to submit a bug report, please visit:
#   https://github.com/AdoptOpenJDK/openjdk-build/issues
# The crash happened outside the Java Virtual Machine in native code.
# See problematic frame for where to report the bug.
#

---------------  S U M M A R Y ------------

Command Line: -Dfile.encoding=windows-1252 -Duser.country=MA -Duser.language=fr -Duser.variant ma.forix.renderer.Renderer

Host: Intel(R) Core(TM) i5-9400F CPU @ 2.90GHz, 6 cores, 15G,  Windows 10 , 64 bit Build 19041 (10.0.19041.292)
Time: Sat Sep  5 22:43:53 2020 Maroc (heure d’été) elapsed time: 0 seconds (0d 0h 0m 0s)

---------------  T H R E A D  ---------------

Current thread (0x00000231f65bb800):  JavaThread "main" [_thread_in_native, id=14316, stack(0x000000f9ddd00000,0x000000f9dde00000)]

Stack: [0x000000f9ddd00000,0x000000f9dde00000],  sp=0x000000f9dddfe900,  free space=1018k
Native frames: (J=compiled Java code, j=interpreted, Vv=VM code, C=native code)
C  [glfw.dll+0x1222]

Java frames: (J=compiled Java code, j=interpreted, Vv=VM code)
j  org.lwjgl.system.JNI.invokePPPP(IIJJJJ)J+0
j  org.lwjgl.glfw.GLFW.nglfwCreateWindow(IIJJJ)J+14
j  org.lwjgl.glfw.GLFW.glfwCreateWindow(IILjava/lang/CharSequence;JJ)J+37
j  ma.forix.renderer.Renderer.<init>()V+38
j  ma.forix.renderer.Renderer.main([Ljava/lang/String;)V+4
v  ~StubRoutines::call_stub

siginfo: EXCEPTION_ACCESS_VIOLATION (0xc0000005), reading address 0x00000000000001f9


Register to memory mapping:

RIP=0x00007ffc9bb31222 glfw.dll
RAX=0x0000000000000001 is an unknown value
RBX={method} {0x00000231916438e0} 'invokePPPP' '(IIJJJJ)J' in 'org/lwjgl/system/JNI'
RCX=0x000000f9dddfe950 is pointing into the stack for thread: 0x00000231f65bb800
RDX=0x0 is NULL
RSP=0x000000f9dddfe900 is pointing into the stack for thread: 0x00000231f65bb800
RBP=0x000000f9dddfea30 is pointing into the stack for thread: 0x00000231f65bb800
RSI=0x00000000000001f4 is an unknown value
RDI=0x00000000000001f4 is an unknown value
R8 =0x000002318fe6dd12 points into unknown readable memory: 4c 57 4a 47 4c 20
R9 =0x0 is NULL
R10=0x0000000000000001 is an unknown value
R11=0x00000007036e6898 is an oop: java.lang.Class 
{0x00000007036e6898} - klass: 'java/lang/Class'
R12=0x0 is NULL
R13={method} {0x00000231916438e0} 'invokePPPP' '(IIJJJJ)J' in 'org/lwjgl/system/JNI'
R14=0x0 is NULL
R15=0x00000231f65bb800 is a thread


Registers:
RAX=0x0000000000000001, RBX=0x00000231916438d8, RCX=0x000000f9dddfe950, RDX=0x0000000000000000
RSP=0x000000f9dddfe900, RBP=0x000000f9dddfea30, RSI=0x00000000000001f4, RDI=0x00000000000001f4
R8 =0x000002318fe6dd12, R9 =0x0000000000000000, R10=0x0000000000000001, R11=0x00000007036e6898
R12=0x0000000000000000, R13=0x00000231916438d8, R14=0x0000000000000000, R15=0x00000231f65bb800
RIP=0x00007ffc9bb31222, EFLAGS=0x0000000000010202

Top of Stack: (sp=0x000000f9dddfe900)
0x000000f9dddfe900:   0000000000000021 000002310000000b
0x000000f9dddfe910:   0000000000000000 00007ffc0000000b
0x000000f9dddfe920:   000000014ccccab7 00007ffc9bb3617d
0x000000f9dddfe930:   0000000000000021 000000014ccccab7
0x000000f9dddfe940:   0000023180051480 00007ffc6ae32dca
0x000000f9dddfe950:   0003600100030001 0000000000000001
0x000000f9dddfe960:   0000000000000000 0000000000000000
0x000000f9dddfe970:   0000000000000000 0000000000000001
0x000000f9dddfe980:   0000000000000000 000000f9dddfec00
0x000000f9dddfe990:   000001f4000001f4 000002318fe6dd12
0x000000f9dddfe9a0:   0000000000000001 0000000100000001
0x000000f9dddfe9b0:   0000000000000001 0000000100000000
0x000000f9dddfe9c0:   0000000000000001 0000000000000001
0x000000f9dddfe9d0:   0000000000000000 0000000000000000
0x000000f9dddfe9e0:   0000000000000000 0000000000000000
0x000000f9dddfe9f0:   0000000000000000 0000000000000000 

Instructions: (pc=0x00007ffc9bb31222)
0x00007ffc9bb31122:   0b 44 2b 58 d8 45 0f af db 41 03 d3 41 83 fa ff
0x00007ffc9bb31132:   74 0b 44 2b 50 dc 45 0f af d2 41 03 d2 41 8b 49
0x00007ffc9bb31142:   18 83 f9 ff 74 08 2b 48 e0 0f af c9 03 d1 41 8b
0x00007ffc9bb31152:   49 1c 83 f9 ff 74 08 2b 48 e4 0f af c9 03 d1 41
0x00007ffc9bb31162:   8b 49 20 83 f9 ff 74 08 2b 48 e8 0f af c9 03 d1
0x00007ffc9bb31172:   41 8b 49 24 83 f9 ff 74 08 2b 48 ec 0f af c9 03
0x00007ffc9bb31182:   d1 83 fb ff 74 08 2b 58 f8 0f af db 03 d3 41 83
0x00007ffc9bb31192:   79 34 00 74 08 83 78 fc 00 75 02 ff c2 41 3b f6
0x00007ffc9bb311a2:   73 06 48 8d 68 c8 eb 1d 75 12 45 3b c7 72 07 75
0x00007ffc9bb311b2:   0b 41 3b d4 73 06 48 8d 68 c8 eb 09 48 8d 48 c8
0x00007ffc9bb311c2:   48 3b cd 75 09 44 8b f6 45 8b f8 44 8b e2 41 b8
0x00007ffc9bb311d2:   01 00 00 00 48 83 c0 48 49 83 ed 01 0f 85 6d fe
0x00007ffc9bb311e2:   ff ff 4c 8b 6c 24 40 48 8b 7c 24 38 48 8b 74 24
0x00007ffc9bb311f2:   30 48 8b 5c 24 28 48 8b c5 41 5f 41 5e 41 5c 5d
0x00007ffc9bb31202:   c3 cc cc cc cc cc cc cc cc cc cc cc cc cc 48 83
0x00007ffc9bb31212:   ec 28 48 8b 41 28 48 85 c0 74 21 83 39 00 74 09
0x00007ffc9bb31222:   83 b8 f8 01 00 00 00 75 13 33 d2 b9 0a 00 01 00
0x00007ffc9bb31232:   e8 29 0a 00 00 33 c0 48 83 c4 28 c3 44 8b 41 04
0x00007ffc9bb31242:   41 8d 80 ff 9f fc ff 83 f8 02 76 18 48 8d 15 cb
0x00007ffc9bb31252:   83 02 00 b9 03 00 01 00 e8 01 0a 00 00 33 c0 48
0x00007ffc9bb31262:   83 c4 28 c3 8b 01 85 c0 74 29 3d 01 00 03 00 74
0x00007ffc9bb31272:   2d 3d 02 00 03 00 74 1b 44 8b c0 48 8d 15 c4 83
0x00007ffc9bb31282:   02 00 b9 03 00 01 00 e8 d2 09 00 00 33 c0 48 83
0x00007ffc9bb31292:   c4 28 c3 3d 01 00 03 00 0f 85 d3 00 00 00 44 8b
0x00007ffc9bb312a2:   41 08 41 83 f8 01 0f 8c a9 00 00 00 8b 51 0c 85
0x00007ffc9bb312b2:   d2 0f 88 9e 00 00 00 41 83 f8 01 75 05 83 fa 05
0x00007ffc9bb312c2:   eb 14 41 83 f8 02 75 05 83 fa 01 eb 09 41 83 f8
0x00007ffc9bb312d2:   03 75 05 41 3b d0 7f 7d 44 8b 49 1c 45 85 c9 74
0x00007ffc9bb312e2:   50 41 8d 81 ff df fc ff 83 f8 01 76 1b 45 8b c1
0x00007ffc9bb312f2:   48 8d 15 8f 83 02 00 b9 03 00 01 00 e8 5d 09 00
0x00007ffc9bb31302:   00 33 c0 48 83 c4 28 c3 41 83 f8 02 7e 0b 41 83
0x00007ffc9bb31312:   f8 03 75 1d 83 fa 02 7d 18 48 8d 15 8e 83 02 00 


Stack slot to memory mapping:
stack at sp + 0 slots: 0x0000000000000021 is an unknown value
stack at sp + 1 slots: 0x000002310000000b is an unknown value
stack at sp + 2 slots: 0x0 is NULL
stack at sp + 3 slots: 0x00007ffc0000000b is an unknown value
stack at sp + 4 slots: 0x000000014ccccab7 is an unknown value
stack at sp + 5 slots: 0x00007ffc9bb3617d glfw.dll
stack at sp + 6 slots: 0x0000000000000021 is an unknown value
stack at sp + 7 slots: 0x000000014ccccab7 is an unknown value


---------------  P R O C E S S  ---------------

Threads class SMR info:
_java_thread_list=0x000002318fe95800, length=15, elements={
0x00000231f65bb800, 0x00000231f668a800, 0x00000231f6694800, 0x00000231ffccf800,
0x00000231ffcd0800, 0x00000231ffc84000, 0x00000231ffc85000, 0x00000231ffc86800,
0x000002318f8b8000, 0x000002318fb9c000, 0x000002318fbba000, 0x000002318fbbb000,
0x000002318fb94000, 0x000002318fbfb800, 0x000002319006e000
}

Java Threads: ( => current thread )
=>0x00000231f65bb800 JavaThread "main" [_thread_in_native, id=14316, stack(0x000000f9ddd00000,0x000000f9dde00000)]
  0x00000231f668a800 JavaThread "Reference Handler" daemon [_thread_blocked, id=9040, stack(0x000000f9ddf00000,0x000000f9de000000)]
  0x00000231f6694800 JavaThread "Finalizer" daemon [_thread_blocked, id=19196, stack(0x000000f9de000000,0x000000f9de100000)]
  0x00000231ffccf800 JavaThread "Signal Dispatcher" daemon [_thread_blocked, id=12848, stack(0x000000f9de100000,0x000000f9de200000)]
  0x00000231ffcd0800 JavaThread "Attach Listener" daemon [_thread_blocked, id=17704, stack(0x000000f9de200000,0x000000f9de300000)]
  0x00000231ffc84000 JavaThread "C2 CompilerThread0" daemon [_thread_blocked, id=14312, stack(0x000000f9de300000,0x000000f9de400000)]
  0x00000231ffc85000 JavaThread "C1 CompilerThread0" daemon [_thread_blocked, id=9428, stack(0x000000f9de400000,0x000000f9de500000)]
  0x00000231ffc86800 JavaThread "Sweeper thread" daemon [_thread_blocked, id=17904, stack(0x000000f9de500000,0x000000f9de600000)]
  0x000002318f8b8000 JavaThread "Common-Cleaner" daemon [_thread_blocked, id=11512, stack(0x000000f9de600000,0x000000f9de700000)]
  0x000002318fb9c000 JavaThread "FileSystemWatchService" daemon [_thread_in_native, id=18116, stack(0x000000f9de700000,0x000000f9de800000)]
  0x000002318fbba000 JavaThread "HotSwap Watcher" daemon [_thread_blocked, id=10612, stack(0x000000f9de800000,0x000000f9de900000)]
  0x000002318fbbb000 JavaThread "HotSwap Dispatcher" daemon [_thread_blocked, id=6900, stack(0x000000f9de900000,0x000000f9dea00000)]
  0x000002318fb94000 JavaThread "Thread-2" daemon [_thread_blocked, id=13504, stack(0x000000f9dea00000,0x000000f9deb00000)]
  0x000002318fbfb800 JavaThread "C2 CompilerThread1" daemon [_thread_blocked, id=13212, stack(0x000000f9deb00000,0x000000f9dec00000)]
  0x000002319006e000 JavaThread "Service Thread" daemon [_thread_blocked, id=18128, stack(0x000000f9dec00000,0x000000f9ded00000)]

Other Threads:
  0x00000231f6683800 VMThread "VM Thread" [stack: 0x000000f9dde00000,0x000000f9ddf00000] [id=11312]
  0x000002319060a000 WatcherThread [stack: 0x000000f9ded00000,0x000000f9dee00000] [id=2688]

Threads with active compile tasks:

VM state:not at safepoint (normal execution)

VM Mutex/Monitor currently owned by a thread: None

Heap address: 0x0000000700e00000, size: 4082 MB, Compressed Oops mode: Zero based, Oop shift amount: 3
Narrow klass base: 0x0000000800000000, Narrow klass shift: 0
Compressed class space size: 1073741824 Address: 0x0000000800000000

Heap:
 def new generation   total 78656K, used 42039K [0x0000000700e00000, 0x0000000706350000, 0x0000000755ea0000)
  eden space 69952K,  60% used [0x0000000700e00000, 0x000000070370de40, 0x0000000705250000)
  from space 8704K,   0% used [0x0000000705250000, 0x0000000705250000, 0x0000000705ad0000)
  to   space 8704K,   0% used [0x0000000705ad0000, 0x0000000705ad0000, 0x0000000706350000)
 tenured generation   total 174784K, used 0K [0x0000000755ea0000, 0x0000000760950000, 0x0000000800000000)
   the space 174784K,   0% used [0x0000000755ea0000, 0x0000000755ea0000, 0x0000000755ea0200, 0x0000000760950000)
 Metaspace       used 11778K, capacity 11977K, committed 12160K, reserved 1060864K
  class space    used 1047K, capacity 1095K, committed 1152K, reserved 1048576K

Card table byte_map: [0x00000231fee10000,0x00000231ff610000] _byte_map_base: 0x00000231fb609000

Polling page: 0x00000231f4d40000

Metaspace:

Usage:
  Non-class:     10.63 MB capacity,    10.48 MB ( 99%) used,   138.30 KB (  1%) free+waste,    12.81 KB ( <1%) overhead. 
      Class:      1.07 MB capacity,     1.02 MB ( 96%) used,    42.09 KB (  4%) free+waste,     5.13 KB ( <1%) overhead. 
       Both:     11.70 MB capacity,    11.50 MB ( 98%) used,   180.39 KB (  2%) free+waste,    17.94 KB ( <1%) overhead. 

Virtual space:
  Non-class space:       12.00 MB reserved,      10.75 MB ( 90%) committed 
      Class space:        1.00 GB reserved,       1.13 MB ( <1%) committed 
             Both:        1.01 GB reserved,      11.88 MB (  1%) committed 

Chunk freelists:
   Non-Class:  62.00 KB
       Class:  25.00 KB
        Both:  87.00 KB

MaxMetaspaceSize: 17179869184.00 GB
CompressedClassSpaceSize: 1.00 GB

CodeHeap 'non-profiled nmethods': size=120064Kb used=426Kb max_used=426Kb free=119638Kb
 bounds [0x0000023187ac0000, 0x0000023187d30000, 0x000002318f000000]
CodeHeap 'profiled nmethods': size=120000Kb used=1826Kb max_used=1826Kb free=118173Kb
 bounds [0x0000023180590000, 0x0000023180800000, 0x0000023187ac0000]
CodeHeap 'non-nmethods': size=5696Kb used=1384Kb max_used=1395Kb free=4311Kb
 bounds [0x0000023180000000, 0x0000023180270000, 0x0000023180590000]
 total_blobs=1883 nmethods=1034 adapters=763
 compilation: enabled
              stopped_count=0, restarted_count=0
 full_count=0

Compilation events (20 events):
Event: 0.378 Thread 0x00000231ffc85000 1023       1       sun.instrument.TransformerManager$TransformerInfo::transformer (5 bytes)
Event: 0.378 Thread 0x00000231ffc85000 nmethod 1023 0x0000023187b28290 code [0x0000023187b28440, 0x0000023187b284f8]
Event: 0.380 Thread 0x00000231ffc84000 1024       4       java.util.regex.Pattern$$Lambda$21/0x00000008000b6c40::is (5 bytes)
Event: 0.381 Thread 0x00000231ffc84000 nmethod 1024 0x0000023187b28590 code [0x0000023187b28720, 0x0000023187b287f8]
Event: 0.383 Thread 0x00000231ffc85000 1025       3       java.util.regex.Pattern$$Lambda$14/0x00000008000b0840::is (9 bytes)
Event: 0.383 Thread 0x00000231ffc85000 nmethod 1025 0x0000023180756890 code [0x0000023180756a40, 0x0000023180756bf8]
Event: 0.383 Thread 0x00000231ffc85000 1026       3       java.util.regex.Pattern::lambda$Single$8 (11 bytes)
Event: 0.383 Thread 0x00000231ffc85000 nmethod 1026 0x0000023180756c90 code [0x0000023180756e40, 0x0000023180756f78]
Event: 0.384 Thread 0x00000231ffc85000 1027       3       sun.misc.Unsafe::putByte (9 bytes)
Event: 0.384 Thread 0x00000231ffc85000 nmethod 1027 0x0000023180757010 code [0x00000231807571c0, 0x0000023180757338]
Event: 0.384 Thread 0x00000231ffc85000 1028       3       jdk.internal.misc.Unsafe::putByte (8 bytes)
Event: 0.384 Thread 0x00000231ffc85000 nmethod 1028 0x0000023180757410 code [0x00000231807575c0, 0x00000231807576d8]
Event: 0.384 Thread 0x00000231ffc85000 1030       3       java.nio.Buffer::remaining (10 bytes)
Event: 0.384 Thread 0x000002318fbfb800 nmethod 1018 0x0000023187b28d90 code [0x0000023187b28f60, 0x0000023187b29868]
Event: 0.384 Thread 0x00000231ffc85000 nmethod 1030 0x0000023180757790 code [0x0000023180757940, 0x0000023180757a38]
Event: 0.384 Thread 0x00000231ffc85000 1032       3       sun.misc.Unsafe::putInt (11 bytes)
Event: 0.385 Thread 0x00000231ffc85000 nmethod 1032 0x0000023180757b10 code [0x0000023180757cc0, 0x0000023180757db8]
Event: 0.385 Thread 0x00000231ffc85000 1034       3       org.lwjgl.system.MemoryUtil::encodeASCII (66 bytes)
Event: 0.385 Thread 0x00000231ffc85000 nmethod 1034 0x0000023180757e90 code [0x00000231807580a0, 0x0000023180758638]
Event: 0.464 Thread 0x00000231ffc84000 1035       4       java.util.HashMap$HashIterator::hasNext (13 bytes)

GC Heap History (0 events):
No events

Deoptimization events (20 events):
Event: 0.323 Thread 0x00000231f65bb800 Uncommon trap: trap_request=0xffffff4d fr.pc=0x0000023187b01788 relative=0x0000000000000748
Event: 0.323 Thread 0x00000231f65bb800 Uncommon trap: reason=unstable_if action=reinterpret pc=0x0000023187b01788 method=java.util.HashMap.hash(Ljava/lang/Object;)I @ 1 c2
Event: 0.323 Thread 0x00000231f65bb800 DEOPT PACKING pc=0x0000023187b01788 sp=0x000000f9dddfe180
Event: 0.323 Thread 0x00000231f65bb800 DEOPT UNPACKING pc=0x0000023180026f2f sp=0x000000f9dddfe0f0 mode 2
Event: 0.323 Thread 0x00000231f65bb800 Uncommon trap: trap_request=0xffffff4d fr.pc=0x0000023187b0fd04 relative=0x00000000000004a4
Event: 0.323 Thread 0x00000231f65bb800 Uncommon trap: reason=unstable_if action=reinterpret pc=0x0000023187b0fd04 method=java.util.HashMap.hash(Ljava/lang/Object;)I @ 1 c2
Event: 0.323 Thread 0x00000231f65bb800 DEOPT PACKING pc=0x0000023187b0fd04 sp=0x000000f9dddfdf40
Event: 0.323 Thread 0x00000231f65bb800 DEOPT UNPACKING pc=0x0000023180026f2f sp=0x000000f9dddfde88 mode 2
Event: 0.323 Thread 0x00000231f65bb800 Uncommon trap: trap_request=0xffffff4d fr.pc=0x0000023187affa38 relative=0x0000000000000098
Event: 0.323 Thread 0x00000231f65bb800 Uncommon trap: reason=unstable_if action=reinterpret pc=0x0000023187affa38 method=java.util.HashMap.hash(Ljava/lang/Object;)I @ 1 c2
Event: 0.323 Thread 0x00000231f65bb800 DEOPT PACKING pc=0x0000023187affa38 sp=0x000000f9dddfdef0
Event: 0.323 Thread 0x00000231f65bb800 DEOPT UNPACKING pc=0x0000023180026f2f sp=0x000000f9dddfde88 mode 2
Event: 0.353 Thread 0x00000231f65bb800 Uncommon trap: trap_request=0xffffffc6 fr.pc=0x0000023187b02e94 relative=0x00000000000003b4
Event: 0.353 Thread 0x00000231f65bb800 Uncommon trap: reason=bimorphic_or_optimized_type_check action=maybe_recompile pc=0x0000023187b02e94 method=java.util.HashMap.getNode(ILjava/lang/Object;)Ljava/util/HashMap$Node; @ 126 c2
Event: 0.353 Thread 0x00000231f65bb800 DEOPT PACKING pc=0x0000023187b02e94 sp=0x000000f9dddfc730
Event: 0.353 Thread 0x00000231f65bb800 DEOPT UNPACKING pc=0x0000023180026f2f sp=0x000000f9dddfc6a8 mode 2
Event: 0.353 Thread 0x00000231f65bb800 Uncommon trap: trap_request=0xffffff4d fr.pc=0x0000023187b11470 relative=0x0000000000001190
Event: 0.353 Thread 0x00000231f65bb800 Uncommon trap: reason=unstable_if action=reinterpret pc=0x0000023187b11470 method=java.util.jar.JarFile.getVersionedEntry(Ljava/lang/String;Ljava/util/jar/JarEntry;)Ljava/util/jar/JarEntry; @ 7 c2
Event: 0.353 Thread 0x00000231f65bb800 DEOPT PACKING pc=0x0000023187b11470 sp=0x000000f9dddfcb20
Event: 0.353 Thread 0x00000231f65bb800 DEOPT UNPACKING pc=0x0000023180026f2f sp=0x000000f9dddfcb40 mode 2

Classes redefined (0 events):
No events

Internal exceptions (11 events):
Event: 0.069 Thread 0x00000231f65bb800 Exception <a 'java/security/PrivilegedActionException'{0x0000000700ee84e8}> (0x0000000700ee84e8) thrown at [./src/hotspot/share/prims/jvm.cpp, line 1298]
Event: 0.069 Thread 0x00000231f65bb800 Exception <a 'java/security/PrivilegedActionException'{0x0000000700ee87b8}> (0x0000000700ee87b8) thrown at [./src/hotspot/share/prims/jvm.cpp, line 1298]
Event: 0.323 Thread 0x00000231f65bb800 Implicit null exception at 0x0000023187b0107b to 0x0000023187b01770
Event: 0.323 Thread 0x00000231f65bb800 Implicit null exception at 0x0000023187b0f895 to 0x0000023187b0fcf0
Event: 0.323 Thread 0x00000231f65bb800 Implicit null exception at 0x0000023187aff9af to 0x0000023187affa29
Event: 0.347 Thread 0x00000231f65bb800 Exception <a 'java/lang/NoSuchMethodError'{0x00000007032bebd0}: 'void java.lang.invoke.DelegatingMethodHandle$Holder.delegate(java.lang.Object, java.lang.Object, int, java.lang.Object)'> (0x00000007032bebd0) thrown at [./src/hotspot/share/interpreter/linkResolver.cpp, line 773]
Event: 0.347 Thread 0x00000231f65bb800 Exception <a 'java/lang/NoSuchMethodError'{0x00000007032c6090}: 'java.lang.Object java.lang.invoke.DirectMethodHandle$Holder.invokeStaticInit(java.lang.Object, java.lang.Object, java.lang.Object)'> (0x00000007032c6090) thrown at [./src/hotspot/share/interpreter/linkResolver.cpp, line 773]
Event: 0.367 Thread 0x00000231f65bb800 Exception <a 'sun/nio/fs/WindowsException'{0x00000007034a6d58}> (0x00000007034a6d58) thrown at [./src/hotspot/share/prims/jni.cpp, line 616]
Event: 0.368 Thread 0x00000231f65bb800 Exception <a 'sun/nio/fs/WindowsException'{0x00000007034b1b08}> (0x00000007034b1b08) thrown at [./src/hotspot/share/prims/jni.cpp, line 616]
Event: 0.372 Thread 0x00000231f65bb800 Exception <a 'sun/nio/fs/WindowsException'{0x0000000703510648}> (0x0000000703510648) thrown at [./src/hotspot/share/prims/jni.cpp, line 616]
Event: 0.373 Thread 0x00000231f65bb800 Exception <a 'sun/nio/fs/WindowsException'{0x00000007035109b8}> (0x00000007035109b8) thrown at [./src/hotspot/share/prims/jni.cpp, line 616]

Events (20 events):
Event: 0.380 loading class java/nio/BufferUnderflowException
Event: 0.380 loading class java/nio/BufferUnderflowException done
Event: 0.380 loading class org/lwjgl/system/MemoryStack
Event: 0.380 loading class org/lwjgl/system/MemoryStack done
Event: 0.381 loading class org/lwjgl/system/MemoryStack$DebugMemoryStack
Event: 0.381 loading class org/lwjgl/system/MemoryStack$DebugMemoryStack done
Event: 0.381 loading class org/lwjgl/system/MemoryStack
Event: 0.381 loading class org/lwjgl/system/MemoryStack done
Event: 0.381 loading class org/lwjgl/system/MemoryStack
Event: 0.381 loading class org/lwjgl/system/MemoryStack done
Event: 0.382 loading class org/lwjgl/BufferUtils
Event: 0.382 loading class org/lwjgl/BufferUtils done
Event: 0.382 loading class org/lwjgl/system/windows/WinBase
Event: 0.382 loading class org/lwjgl/system/windows/WinBase done
Event: 0.384 loading class org/lwjgl/glfw/GLFW$Functions
Event: 0.384 loading class org/lwjgl/glfw/GLFW$Functions done
Event: 0.385 loading class org/lwjgl/system/JNI
Event: 0.385 loading class org/lwjgl/system/JNI done
Event: 0.464 loading class org/lwjgl/glfw/EventLoop$OffScreen
Event: 0.464 loading class org/lwjgl/glfw/EventLoop$OffScreen done


Dynamic libraries:
0x00007ff6e3a20000 - 0x00007ff6e3a2d000 	C:\Program Files\Java\dcevm-11.0.8+1\bin\java.exe
0x00007ffcd36b0000 - 0x00007ffcd38a5000 	C:\WINDOWS\SYSTEM32\ntdll.dll
0x00007ffcd34d0000 - 0x00007ffcd358d000 	C:\WINDOWS\System32\KERNEL32.DLL
0x00007ffcd1250000 - 0x00007ffcd1517000 	C:\WINDOWS\System32\KERNELBASE.dll
0x00007ffcd1620000 - 0x00007ffcd1720000 	C:\WINDOWS\System32\ucrtbase.dll
0x00007ffcac0f0000 - 0x00007ffcac107000 	C:\Program Files\Java\dcevm-11.0.8+1\bin\jli.dll
0x00007ffcab1d0000 - 0x00007ffcab1e5000 	C:\Program Files\Java\dcevm-11.0.8+1\bin\VCRUNTIME140.dll
0x00007ffcd1d70000 - 0x00007ffcd1f10000 	C:\WINDOWS\System32\USER32.dll
0x00007ffcc33a0000 - 0x00007ffcc363a000 	C:\WINDOWS\WinSxS\amd64_microsoft.windows.common-controls_6595b64144ccf1df_6.0.19041.1_none_b555e41d4684ddec\COMCTL32.dll
0x00007ffcd1550000 - 0x00007ffcd1572000 	C:\WINDOWS\System32\win32u.dll
0x00007ffcd3160000 - 0x00007ffcd31fe000 	C:\WINDOWS\System32\msvcrt.dll
0x00007ffcd3050000 - 0x00007ffcd307a000 	C:\WINDOWS\System32\GDI32.dll
0x00007ffcd10e0000 - 0x00007ffcd11ea000 	C:\WINDOWS\System32\gdi32full.dll
0x00007ffcd1580000 - 0x00007ffcd161d000 	C:\WINDOWS\System32\msvcp_win.dll
0x00007ffcd2bb0000 - 0x00007ffcd2be0000 	C:\WINDOWS\System32\IMM32.DLL
0x00007ffca3170000 - 0x00007ffca320b000 	C:\Program Files\Java\dcevm-11.0.8+1\bin\msvcp140.dll
0x00007ffc6ab00000 - 0x00007ffc6b5ca000 	C:\Program Files\Java\dcevm-11.0.8+1\bin\server\jvm.dll
0x00007ffcd1f10000 - 0x00007ffcd1fba000 	C:\WINDOWS\System32\ADVAPI32.dll
0x00007ffcd1fc0000 - 0x00007ffcd205b000 	C:\WINDOWS\System32\sechost.dll
0x00007ffcd2a80000 - 0x00007ffcd2ba3000 	C:\WINDOWS\System32\RPCRT4.dll
0x00007ffcd3150000 - 0x00007ffcd3158000 	C:\WINDOWS\System32\PSAPI.DLL
0x00007ffcccb40000 - 0x00007ffcccb49000 	C:\WINDOWS\SYSTEM32\WSOCK32.dll
0x00007ffcc3f10000 - 0x00007ffcc3f37000 	C:\WINDOWS\SYSTEM32\WINMM.dll
0x00007ffcca660000 - 0x00007ffcca66a000 	C:\WINDOWS\SYSTEM32\VERSION.dll
0x00007ffcd33e0000 - 0x00007ffcd344b000 	C:\WINDOWS\System32\WS2_32.dll
0x00007ffcceda0000 - 0x00007ffccedb3000 	C:\WINDOWS\SYSTEM32\kernel.appcore.dll
0x00007ffcb4bb0000 - 0x00007ffcb4bc0000 	C:\Program Files\Java\dcevm-11.0.8+1\bin\verify.dll
0x00007ffcbdf40000 - 0x00007ffcbe124000 	C:\WINDOWS\SYSTEM32\DBGHELP.DLL
0x00007ffcbdd80000 - 0x00007ffcbddac000 	C:\WINDOWS\SYSTEM32\dbgcore.DLL
0x00007ffcd0e00000 - 0x00007ffcd0e7f000 	C:\WINDOWS\System32\bcryptPrimitives.dll
0x00007ffca4440000 - 0x00007ffca4468000 	C:\Program Files\Java\dcevm-11.0.8+1\bin\java.dll
0x00007ffcb0b00000 - 0x00007ffcb0b0a000 	C:\Program Files\Java\dcevm-11.0.8+1\bin\jimage.dll
0x00007ffcadfb0000 - 0x00007ffcadfbe000 	C:\Program Files\Java\dcevm-11.0.8+1\bin\instrument.dll
0x00007ffca76b0000 - 0x00007ffca76c7000 	C:\Program Files\Java\dcevm-11.0.8+1\bin\zip.dll
0x00007ffcd2070000 - 0x00007ffcd27b0000 	C:\WINDOWS\System32\SHELL32.dll
0x00007ffccefa0000 - 0x00007ffccf731000 	C:\WINDOWS\SYSTEM32\windows.storage.dll
0x00007ffcd1a10000 - 0x00007ffcd1d63000 	C:\WINDOWS\System32\combase.dll
0x00007ffcd0880000 - 0x00007ffcd08ac000 	C:\WINDOWS\SYSTEM32\Wldp.dll
0x00007ffcd1720000 - 0x00007ffcd17ce000 	C:\WINDOWS\System32\SHCORE.dll
0x00007ffcd3200000 - 0x00007ffcd3255000 	C:\WINDOWS\System32\shlwapi.dll
0x00007ffcd0d40000 - 0x00007ffcd0d5f000 	C:\WINDOWS\SYSTEM32\profapi.dll
0x00007ffc9ed10000 - 0x00007ffc9ed29000 	C:\Program Files\Java\dcevm-11.0.8+1\bin\net.dll
0x00007ffcca0a0000 - 0x00007ffcca1a0000 	C:\WINDOWS\SYSTEM32\WINHTTP.dll
0x00007ffcd0600000 - 0x00007ffcd066a000 	C:\WINDOWS\system32\mswsock.dll
0x00007ffc9ecf0000 - 0x00007ffc9ed02000 	C:\Program Files\Java\dcevm-11.0.8+1\bin\nio.dll
0x00007ffca3410000 - 0x00007ffca3474000 	C:\Users\forix\AppData\Local\Temp\lwjglforix\3.2.3-build-13\lwjgl.dll
0x00007ffc9bb30000 - 0x00007ffc9bb92000 	C:\Users\forix\AppData\Local\Temp\lwjglforix\3.2.3-build-13\glfw.dll
0x00007ffcce8e0000 - 0x00007ffcce97f000 	C:\WINDOWS\system32\uxtheme.dll
0x00007ffc9eca0000 - 0x00007ffc9ece5000 	C:\WINDOWS\SYSTEM32\dinput8.dll
0x00007ffcb14f0000 - 0x00007ffcb1501000 	C:\WINDOWS\SYSTEM32\xinput1_4.dll
0x00007ffcd0fe0000 - 0x00007ffcd102d000 	C:\WINDOWS\System32\cfgmgr32.dll
0x00007ffcd0bc0000 - 0x00007ffcd0bec000 	C:\WINDOWS\SYSTEM32\DEVOBJ.dll
0x00007ffccebc0000 - 0x00007ffccebef000 	C:\WINDOWS\SYSTEM32\dwmapi.dll
0x00007ffcabbe0000 - 0x00007ffcabd32000 	C:\WINDOWS\SYSTEM32\inputhost.dll
0x00007ffcd3080000 - 0x00007ffcd314d000 	C:\WINDOWS\System32\OLEAUT32.dll
0x00007ffcce440000 - 0x00007ffcce532000 	C:\WINDOWS\SYSTEM32\CoreMessaging.dll
0x00007ffccd9e0000 - 0x00007ffccdb36000 	C:\WINDOWS\SYSTEM32\wintypes.dll
0x00007ffccc800000 - 0x00007ffccc8f5000 	C:\WINDOWS\SYSTEM32\PROPSYS.dll
0x00007ffcce0e0000 - 0x00007ffcce43a000 	C:\WINDOWS\SYSTEM32\CoreUIComponents.dll
0x00007ffccfb70000 - 0x00007ffccfba3000 	C:\WINDOWS\SYSTEM32\ntmarta.dll
0x00007ffcd3260000 - 0x00007ffcd3375000 	C:\WINDOWS\System32\MSCTF.dll
0x00007ffccf740000 - 0x00007ffccf74d000 	C:\WINDOWS\SYSTEM32\HID.DLL
0x00007ffcd2be0000 - 0x00007ffcd3047000 	C:\WINDOWS\System32\SETUPAPI.DLL
0x00007ffcd1520000 - 0x00007ffcd1547000 	C:\WINDOWS\System32\bcrypt.dll
0x00007ffcd11f0000 - 0x00007ffcd1250000 	C:\WINDOWS\System32\WINTRUST.dll
0x00007ffcd0e80000 - 0x00007ffcd0fdd000 	C:\WINDOWS\System32\CRYPT32.dll
0x00007ffcd0a00000 - 0x00007ffcd0a12000 	C:\WINDOWS\SYSTEM32\MSASN1.dll
0x00007ffcbf6b0000 - 0x00007ffcbf6c0000 	C:\Windows\System32\pid.dll

dbghelp: loaded successfully - version: 4.0.5 - missing functions: none
symbol engine: initialized successfully - sym options: 0x614 - pdb path: .;C:\Program Files\Java\dcevm-11.0.8+1\bin;C:\WINDOWS\SYSTEM32;C:\WINDOWS\WinSxS\amd64_microsoft.windows.common-controls_6595b64144ccf1df_6.0.19041.1_none_b555e41d4684ddec;C:\Program Files\Java\dcevm-11.0.8+1\bin\server;C:\Users\forix\AppData\Local\Temp\lwjglforix\3.2.3-build-13

VM Arguments:
jvm_args: -Dfile.encoding=windows-1252 -Duser.country=MA -Duser.language=fr -Duser.variant 
java_command: ma.forix.renderer.Renderer
java_class_path (initial): D:\Programmation\Intellij projects\factory\build\classes\java\main;D:\Programmation\Intellij projects\factory\build\resources\main;C:\JDBC driver\mysql-connector-java-8.0.21.jar;D:\Programmation\Intellij projects\factory\libs\joml-1.9.25.jar;D:\Programmation\Intellij projects\factory\libs\lwjgl-assimp-natives-linux.jar;D:\Programmation\Intellij projects\factory\libs\lwjgl-assimp-natives-macos.jar;D:\Programmation\Intellij projects\factory\libs\lwjgl-assimp-natives-windows.jar;D:\Programmation\Intellij projects\factory\libs\lwjgl-assimp.jar;D:\Programmation\Intellij projects\factory\libs\lwjgl-glfw-natives-linux.jar;D:\Programmation\Intellij projects\factory\libs\lwjgl-glfw-natives-macos.jar;D:\Programmation\Intellij projects\factory\libs\lwjgl-glfw-natives-windows.jar;D:\Programmation\Intellij projects\factory\libs\lwjgl-glfw.jar;D:\Programmation\Intellij projects\factory\libs\lwjgl-natives-linux.jar;D:\Programmation\Intellij projects\factory\libs\lwjgl-natives-macos.jar;D:\Programmation\Intellij projects\factory\libs\lwjgl-natives-windows.jar;D:\Programmation\Intellij projects\factory\libs\lwjgl-openal-natives-linux.jar;D:\Programmation\Intellij projects\factory\libs\lwjgl-openal-natives-macos.jar;D:\Programmation\Intellij projects\factory\libs\lwjgl-openal-natives-windows.jar;D:\Programmation\Intellij projects\factory\libs\lwjgl-openal.jar;D:\Programmation\Intellij projects\factory\libs\lwjgl-opengl-natives-linux.jar;D:\Programmation\Intellij projects\factory\libs\lwjgl-opengl-natives-macos.jar;D:\Programmation\Intellij projects\factory\libs\lwjgl-opengl-natives-windows.jar;D:\Programmation\Intellij projects\factory\libs\lwjgl-opengl.jar;D:\Programmation\Intellij projects\factory\libs\lwjgl-stb-natives-linux.jar;D:\Programmation\Intellij projects\factory\libs\lwjgl-stb-natives-macos.jar;D:\Programmation\Intellij projects\factory\libs\lwjgl-stb-natives-windows.jar;D:\Programmation\Intellij projects\factory\libs\lwjgl-stb.jar;D:\Programm
Launcher Type: SUN_STANDARD

[Global flags]
     intx CICompilerCount                          = 3                                         {product} {ergonomic}
   size_t InitialHeapSize                          = 268435456                                 {product} {ergonomic}
   size_t MaxHeapSize                              = 4280287232                                {product} {ergonomic}
   size_t MaxNewSize                               = 1426718720                                {product} {ergonomic}
   size_t MinHeapDeltaBytes                        = 196608                                    {product} {ergonomic}
   size_t NewSize                                  = 89456640                                  {product} {ergonomic}
    uintx NonNMethodCodeHeapSize                   = 5830732                                {pd product} {ergonomic}
    uintx NonProfiledCodeHeapSize                  = 122913754                              {pd product} {ergonomic}
   size_t OldSize                                  = 178978816                                 {product} {ergonomic}
    uintx ProfiledCodeHeapSize                     = 122913754                              {pd product} {ergonomic}
    uintx ReservedCodeCacheSize                    = 251658240                              {pd product} {ergonomic}
     bool SegmentedCodeCache                       = true                                      {product} {ergonomic}
     bool UseCompressedClassPointers               = true                                 {lp64_product} {ergonomic}
     bool UseCompressedOops                        = true                                 {lp64_product} {ergonomic}
     bool UseLargePagesIndividualAllocation        = false                                  {pd product} {ergonomic}
     bool UseSerialGC                              = true                                      {product} {ergonomic}

Logging:
Log output configuration:
 #0: stdout all=warning uptime,level,tags
 #1: stderr all=off uptime,level,tags

Environment Variables:
PATH=C:\Program Files\Common Files\Oracle\Java\javapath;C:\Program Files (x86)\Common Files\Oracle\Java\javapath;C:\Windows\system32;C:\Windows;C:\Windows\System32\Wbem;C:\Windows\System32\WindowsPowerShell\v1.0\;C:\Windows\System32\OpenSSH\;C:\Program Files\NVIDIA Corporation\NVIDIA NvDLISR;C:\Program Files (x86)\NVIDIA Corporation\PhysX\Common;C:\ffmpeg\bin;C:\Gradle\gradle-6.3\bin;C:\Program Files\dotnet\;C:\Program Files\Microsoft SQL Server\130\Tools\Binn\;C:\WINDOWS\system32;C:\WINDOWS;C:\WINDOWS\System32\Wbem;C:\WINDOWS\System32\WindowsPowerShell\v1.0\;C:\WINDOWS\System32\OpenSSH\;C:\Program Files\Git\cmd;C:\Program Files\Process Lasso\;C:\Users\forix\AppData\Local\Microsoft\WindowsApps;C:\Users\forix\AppData\Local\Programs\Microsoft VS Code\bin;C:\Gradle\gradle-6.3\bin;C:\Users\forix\.dotnet\tools;C:\Program Files\JetBrains\IntelliJ IDEA Community Edition 2020.2\bin;;C:\Users\forix\AppData\Local\GitHubDesktop\bin
USERNAME=forix
OS=Windows_NT
PROCESSOR_IDENTIFIER=Intel64 Family 6 Model 158 Stepping 10, GenuineIntel



---------------  S Y S T E M  ---------------

OS: Windows 10 , 64 bit Build 19041 (10.0.19041.292)
OS uptime: 0 days 14:10 hours

CPU:total 6 (initial active 6) (6 cores per cpu, 1 threads per core) family 6 model 158 stepping 10, cmov, cx8, fxsr, mmx, sse, sse2, sse3, ssse3, sse4.1, sse4.2, popcnt, avx, avx2, aes, clmul, erms, 3dnowpref, lzcnt, tsc, tscinvbit, bmi1, bmi2, adx, fma

Memory: 4k page, system-wide physical 16326M (9381M free)
TotalPageFile size 23494M (AvailPageFile size 11909M)
current process WorkingSet (physical memory assigned to process): 89M, peak: 89M
current process commit charge ("private bytes"): 302M, peak: 302M

vm_info: Dynamic Code Evolution 64-Bit Server VM (11.0.8+1-202007270708) for windows-amd64 JRE (11.0.8+1-202007270708), built on Jul 27 2020 07:33:35 by "travis" with MS VC++ 15.9 (VS2017)

END.
