#
# A fatal error has been detected by the Java Runtime Environment:
#
#  EXCEPTION_ACCESS_VIOLATION (0xc0000005) at pc=0x00007fff09176490, pid=4524, tid=10508
#
# JRE version: OpenJDK Runtime Environment AdoptOpenJDK (11.0.8+1) (build 11.0.8+1-202007270708)
# Java VM: Dynamic Code Evolution 64-Bit Server VM AdoptOpenJDK (11.0.8+1-202007270708, mixed mode, tiered, compressed oops, serial gc, windows-amd64)
# Problematic frame:
# C  [glfw.dll+0x6490]
#
# No core dump will be written. Minidumps are not enabled by default on client versions of Windows
#
# If you would like to submit a bug report, please visit:
#   https://github.com/AdoptOpenJDK/openjdk-build/issues
# The crash happened outside the Java Virtual Machine in native code.
# See problematic frame for where to report the bug.
#

---------------  S U M M A R Y ------------

Command Line: -Dfile.encoding=windows-1252 -Duser.country=MA -Duser.language=fr -Duser.variant ma.forix.renderer.Renderer

Host: Intel(R) Core(TM) i5-9400F CPU @ 2.90GHz, 6 cores, 15G,  Windows 10 , 64 bit Build 19041 (10.0.19041.292)
Time: Thu Sep  3 10:05:32 2020 Maroc (heure d’été) elapsed time: 2 seconds (0d 0h 0m 2s)

---------------  T H R E A D  ---------------

Current thread (0x0000024a3da1b800):  JavaThread "main" [_thread_in_native, id=10508, stack(0x00000078d1e00000,0x00000078d1f00000)]

Stack: [0x00000078d1e00000,0x00000078d1f00000],  sp=0x00000078d1eff100,  free space=1020k
Native frames: (J=compiled Java code, j=interpreted, Vv=VM code, C=native code)
C  [glfw.dll+0x6490]

Java frames: (J=compiled Java code, j=interpreted, Vv=VM code)
j  org.lwjgl.system.JNI.invokePV(JJ)V+0
j  org.lwjgl.glfw.GLFW.glfwDestroyWindow(J)V+6
j  ma.forix.renderer.Renderer.<init>()V+132
j  ma.forix.renderer.Renderer.main([Ljava/lang/String;)V+4
v  ~StubRoutines::call_stub

siginfo: EXCEPTION_ACCESS_VIOLATION (0xc0000005), reading address 0x0000000000000000


Register to memory mapping:

RIP=0x00007fff09176490 glfw.dll
RAX=0x0 is NULL
RBX=0x0000024a578b7ec0 points into unknown readable memory: 30 01 64 57 4a 02 00 00
RCX=0x0 is NULL
RDX=0x00007fff091c7ee0 glfw.dll
RSP=0x00000078d1eff100 is pointing into the stack for thread: 0x0000024a3da1b800
RBP=0x00000078d1eff1c0 is pointing into the stack for thread: 0x0000024a3da1b800
RSI=0x0000000000000140 is an unknown value
RDI=0x000000000000092e is an unknown value
R8 =0x0000024a578b7ec0 points into unknown readable memory: 30 01 64 57 4a 02 00 00
R9 =0x00007fff091763e0 glfw.dll
R10=0x0000024a460aef08 is at code_begin+1000 in an Interpreter codelet
method entry point (kind = native)  [0x0000024a460aeb20, 0x0000024a460af540]  2592 bytes
R11=0x0000000703668328 is an oop: java.lang.Class 
{0x0000000703668328} - klass: 'java/lang/Class'
R12=0x0 is NULL
R13={method} {0x0000024a589789c8} 'invokePV' '(JJ)V' in 'org/lwjgl/system/JNI'
R14=0x00000078d1eff1f8 is pointing into the stack for thread: 0x0000024a3da1b800
R15=0x0000024a3da1b800 is a thread


Registers:
RAX=0x0000000000000000, RBX=0x0000024a578b7ec0, RCX=0x0000000000000000, RDX=0x00007fff091c7ee0
RSP=0x00000078d1eff100, RBP=0x00000078d1eff1c0, RSI=0x0000000000000140, RDI=0x000000000000092e
R8 =0x0000024a578b7ec0, R9 =0x00007fff091763e0, R10=0x0000024a460aef08, R11=0x0000000703668328
R12=0x0000000000000000, R13=0x0000024a589789c0, R14=0x00000078d1eff1f8, R15=0x0000024a3da1b800
RIP=0x00007fff09176490, EFLAGS=0x0000000000010283

Top of Stack: (sp=0x00000078d1eff100)
0x00000078d1eff100:   0000024a578b7ec0 0000000000000140
0x00000078d1eff110:   0000000000000000 0000000000000000
0x00000078d1eff120:   0000024a589789c0 0000024a460aef37
0x00000078d1eff130:   0000024a589789c0 0000024a4dbd6ab9
0x00000078d1eff140:   0000000000000000 0000000000000000
0x00000078d1eff150:   0000000000000000 0000024a460af46d
0x00000078d1eff160:   00007fff09173870 0000000000000000
0x00000078d1eff170:   0000000000000000 00000078d1eff178
0x00000078d1eff180:   0000000000000000 00000078d1eff1f8
0x00000078d1eff190:   0000024a589a8318 0000000000000000
0x00000078d1eff1a0:   0000000703668328 0000024a589789c0
0x00000078d1eff1b0:   0000000000000000 00000078d1eff1e0
0x00000078d1eff1c0:   00000078d1eff248 0000024a460a9da7
0x00000078d1eff1d0:   0000000703668328 0000024a460abf38
0x00000078d1eff1e0:   00007fff091763e0 0000000000000000
0x00000078d1eff1f0:   0000024a578b7ec0 0000000000000000 

Instructions: (pc=0x00007fff09176490)
0x00007fff09176390:   18 00 00 00 66 0f 6f 05 c4 02 04 00 f3 0f 7f 05
0x00007fff091763a0:   64 17 05 00 c7 05 6e 17 05 00 08 00 00 00 c7 05
0x00007fff091763b0:   88 17 05 00 01 00 00 00 c7 05 06 1b 05 00 ff ff
0x00007fff091763c0:   ff ff c7 05 bc 17 05 00 01 00 00 00 48 83 c4 28
0x00007fff091763d0:   c3 cc cc cc cc cc cc cc cc cc cc cc cc cc cc cc
0x00007fff091763e0:   40 53 48 83 ec 20 83 3d 03 17 05 00 00 48 8b d9
0x00007fff091763f0:   75 11 33 d2 b9 01 00 01 00 48 83 c4 20 5b e9 5d
0x00007fff09176400:   b8 ff ff 48 85 db 0f 84 a5 00 00 00 0f 57 c0 33
0x00007fff09176410:   c0 0f 11 81 c0 02 00 00 0f 11 81 d0 02 00 00 0f
0x00007fff09176420:   11 81 e0 02 00 00 0f 11 81 f0 02 00 00 0f 11 81
0x00007fff09176430:   00 03 00 00 0f 11 81 10 03 00 00 0f 11 81 20 03
0x00007fff09176440:   00 00 0f 11 81 30 03 00 00 48 89 81 40 03 00 00
0x00007fff09176450:   48 8d 0d 35 25 05 00 e8 54 47 00 00 48 3b d8 75
0x00007fff09176460:   07 33 c9 e8 48 b6 ff ff 48 8b cb e8 80 4a 00 00
0x00007fff09176470:   48 8b 0d 69 1a 05 00 48 8d 15 62 1a 05 00 48 3b
0x00007fff09176480:   cb 74 1b 0f 1f 40 00 66 0f 1f 84 00 00 00 00 00
0x00007fff09176490:   48 8b 01 48 8b d1 48 8b c8 48 3b c3 75 f2 48 8b
0x00007fff091764a0:   03 48 8b cb 48 89 02 48 83 c4 20 5b e9 97 27 01
0x00007fff091764b0:   00 48 83 c4 20 5b c3 cc cc cc cc cc cc cc cc cc
0x00007fff091764c0:   83 3d 29 16 05 00 00 75 0c 33 d2 b9 01 00 01 00
0x00007fff091764d0:   e9 8b b7 ff ff e9 d6 4a 00 00 cc cc cc cc cc cc
0x00007fff091764e0:   33 c0 48 85 d2 74 02 89 02 4d 85 c0 74 03 41 89
0x00007fff091764f0:   00 39 05 f9 15 05 00 75 0c 33 d2 b9 01 00 01 00
0x00007fff09176500:   e9 5b b7 ff ff e9 96 4c 00 00 cc cc cc cc cc cc
0x00007fff09176510:   48 83 ec 28 83 3d d5 15 05 00 00 75 13 33 d2 b9
0x00007fff09176520:   01 00 01 00 e8 37 b7 ff ff 33 c0 48 83 c4 28 c3
0x00007fff09176530:   81 fa 01 20 02 00 0f 8f 94 00 00 00 0f 84 83 00
0x00007fff09176540:   00 00 8d 82 ff ff fd ff 83 f8 0b 0f 87 12 01 00
0x00007fff09176550:   00 48 98 4c 8d 05 a6 9a ff ff 41 8b 84 80 80 66
0x00007fff09176560:   00 00 49 03 c0 ff e0 48 83 c4 28 e9 50 60 00 00
0x00007fff09176570:   48 83 c4 28 e9 87 60 00 00 48 83 c4 28 e9 9e 60
0x00007fff09176580:   00 00 48 83 c4 28 e9 85 60 00 00 48 83 c4 28 e9 


Stack slot to memory mapping:
stack at sp + 0 slots: 0x0000024a578b7ec0 points into unknown readable memory: 30 01 64 57 4a 02 00 00
stack at sp + 1 slots: 0x0000000000000140 is an unknown value
stack at sp + 2 slots: 0x0 is NULL
stack at sp + 3 slots: 0x0 is NULL
stack at sp + 4 slots: {method} {0x0000024a589789c8} 'invokePV' '(JJ)V' in 'org/lwjgl/system/JNI'
stack at sp + 5 slots: 0x0000024a460aef37 is at code_begin+1047 in an Interpreter codelet
method entry point (kind = native)  [0x0000024a460aeb20, 0x0000024a460af540]  2592 bytes
stack at sp + 6 slots: {method} {0x0000024a589789c8} 'invokePV' '(JJ)V' in 'org/lwjgl/system/JNI'
stack at sp + 7 slots: 0x0000024a4dbd6ab9 is at entry_point+249 in (nmethod*)0x0000024a4dbd6810


---------------  P R O C E S S  ---------------

Threads class SMR info:
_java_thread_list=0x0000024a57c15310, length=14, elements={
0x0000024a3da1b800, 0x0000024a3daea800, 0x0000024a3daf4800, 0x0000024a5694f800,
0x0000024a56950000, 0x0000024a56904000, 0x0000024a56905800, 0x0000024a5690c000,
0x0000024a56c31800, 0x0000024a56ff5800, 0x0000024a56fe8800, 0x0000024a56fd6800,
0x0000024a56fd7800, 0x0000024a57491000
}

Java Threads: ( => current thread )
=>0x0000024a3da1b800 JavaThread "main" [_thread_in_native, id=10508, stack(0x00000078d1e00000,0x00000078d1f00000)]
  0x0000024a3daea800 JavaThread "Reference Handler" daemon [_thread_blocked, id=1276, stack(0x00000078d2000000,0x00000078d2100000)]
  0x0000024a3daf4800 JavaThread "Finalizer" daemon [_thread_blocked, id=8588, stack(0x00000078d2100000,0x00000078d2200000)]
  0x0000024a5694f800 JavaThread "Signal Dispatcher" daemon [_thread_blocked, id=8064, stack(0x00000078d2200000,0x00000078d2300000)]
  0x0000024a56950000 JavaThread "Attach Listener" daemon [_thread_blocked, id=4284, stack(0x00000078d2300000,0x00000078d2400000)]
  0x0000024a56904000 JavaThread "C2 CompilerThread0" daemon [_thread_blocked, id=5052, stack(0x00000078d2400000,0x00000078d2500000)]
  0x0000024a56905800 JavaThread "C1 CompilerThread0" daemon [_thread_blocked, id=12080, stack(0x00000078d2500000,0x00000078d2600000)]
  0x0000024a5690c000 JavaThread "Sweeper thread" daemon [_thread_blocked, id=1868, stack(0x00000078d2600000,0x00000078d2700000)]
  0x0000024a56c31800 JavaThread "Common-Cleaner" daemon [_thread_blocked, id=13652, stack(0x00000078d2700000,0x00000078d2800000)]
  0x0000024a56ff5800 JavaThread "FileSystemWatchService" daemon [_thread_in_native, id=412, stack(0x00000078d2800000,0x00000078d2900000)]
  0x0000024a56fe8800 JavaThread "HotSwap Watcher" daemon [_thread_blocked, id=14372, stack(0x00000078d2900000,0x00000078d2a00000)]
  0x0000024a56fd6800 JavaThread "HotSwap Dispatcher" daemon [_thread_blocked, id=7196, stack(0x00000078d2a00000,0x00000078d2b00000)]
  0x0000024a56fd7800 JavaThread "Thread-2" daemon [_thread_blocked, id=11948, stack(0x00000078d2b00000,0x00000078d2c00000)]
  0x0000024a57491000 JavaThread "Service Thread" daemon [_thread_blocked, id=9424, stack(0x00000078d2d00000,0x00000078d2e00000)]

Other Threads:
  0x0000024a3dae3800 VMThread "VM Thread" [stack: 0x00000078d1f00000,0x00000078d2000000] [id=8296]
  0x0000024a57584000 WatcherThread [stack: 0x00000078d2e00000,0x00000078d2f00000] [id=10660]

Threads with active compile tasks:

VM state:not at safepoint (normal execution)

VM Mutex/Monitor currently owned by a thread: None

Heap address: 0x0000000700e00000, size: 4082 MB, Compressed Oops mode: Zero based, Oop shift amount: 3
Narrow klass base: 0x0000000800000000, Narrow klass shift: 0
Compressed class space size: 1073741824 Address: 0x0000000800000000

Heap:
 def new generation   total 78656K, used 64601K [0x0000000700e00000, 0x0000000706350000, 0x0000000755ea0000)
  eden space 69952K,  92% used [0x0000000700e00000, 0x0000000704d16480, 0x0000000705250000)
  from space 8704K,   0% used [0x0000000705250000, 0x0000000705250000, 0x0000000705ad0000)
  to   space 8704K,   0% used [0x0000000705ad0000, 0x0000000705ad0000, 0x0000000706350000)
 tenured generation   total 174784K, used 0K [0x0000000755ea0000, 0x0000000760950000, 0x0000000800000000)
   the space 174784K,   0% used [0x0000000755ea0000, 0x0000000755ea0000, 0x0000000755ea0200, 0x0000000760950000)
 Metaspace       used 15255K, capacity 15502K, committed 15872K, reserved 1064960K
  class space    used 1173K, capacity 1226K, committed 1280K, reserved 1048576K

Card table byte_map: [0x0000024a55290000,0x0000024a55a90000] _byte_map_base: 0x0000024a51a89000

Polling page: 0x0000024a3c3d0000

Metaspace:

Usage:
  Non-class:     13.94 MB capacity,    13.75 MB ( 99%) used,   177.41 KB (  1%) free+waste,    16.63 KB ( <1%) overhead. 
      Class:      1.20 MB capacity,     1.15 MB ( 96%) used,    46.87 KB (  4%) free+waste,     5.56 KB ( <1%) overhead. 
       Both:     15.14 MB capacity,    14.90 MB ( 98%) used,   224.28 KB (  1%) free+waste,    22.19 KB ( <1%) overhead. 

Virtual space:
  Non-class space:       16.00 MB reserved,      14.25 MB ( 89%) committed 
      Class space:        1.00 GB reserved,       1.25 MB ( <1%) committed 
             Both:        1.02 GB reserved,      15.50 MB (  1%) committed 

Chunk freelists:
   Non-Class:  124.00 KB
       Class:  22.00 KB
        Both:  146.00 KB

MaxMetaspaceSize: 17179869184.00 GB
CompressedClassSpaceSize: 1.00 GB

CodeHeap 'non-profiled nmethods': size=120064Kb used=481Kb max_used=481Kb free=119582Kb
 bounds [0x0000024a4db60000, 0x0000024a4ddd0000, 0x0000024a550a0000]
CodeHeap 'profiled nmethods': size=120000Kb used=2353Kb max_used=2353Kb free=117646Kb
 bounds [0x0000024a46630000, 0x0000024a468a0000, 0x0000024a4db60000]
CodeHeap 'non-nmethods': size=5696Kb used=1463Kb max_used=1479Kb free=4232Kb
 bounds [0x0000024a460a0000, 0x0000024a46310000, 0x0000024a46630000]
 total_blobs=2208 nmethods=1236 adapters=886
 compilation: enabled
              stopped_count=0, restarted_count=0
 full_count=0

Compilation events (20 events):
Event: 0.800 Thread 0x0000024a56905800 nmethod 1207 0x0000024a46873890 code [0x0000024a46873a80, 0x0000024a46874158]
Event: 0.800 Thread 0x0000024a56905800 1208       3       java.lang.reflect.AccessibleObject::logIfExportedForIllegalAccess (54 bytes)
Event: 0.801 Thread 0x0000024a56905800 nmethod 1208 0x0000024a46874310 code [0x0000024a46874560, 0x0000024a46875148]
Event: 0.801 Thread 0x0000024a56905800 1209       3       java.lang.reflect.Field::checkAccess (32 bytes)
Event: 0.801 Thread 0x0000024a56905800 nmethod 1209 0x0000024a46875490 code [0x0000024a46875660, 0x0000024a468758e8]
Event: 0.809 Thread 0x0000024a56904000 nmethod 1177 0x0000024a4dbd4a10 code [0x0000024a4dbd4c40, 0x0000024a4dbd5d28]
Event: 1.041 Thread 0x0000024a56905800 1221       1       java.util.concurrent.locks.AbstractQueuedSynchronizer::setState (6 bytes)
Event: 1.041 Thread 0x0000024a56905800 nmethod 1221 0x0000024a4dbd6510 code [0x0000024a4dbd66c0, 0x0000024a4dbd6778]
Event: 1.177 Thread 0x0000024a56905800 1225       3       org.lwjgl.glfw.GLFW::glfwGetKey (22 bytes)
Event: 1.177 Thread 0x0000024a56905800 nmethod 1225 0x0000024a46875a10 code [0x0000024a46875be0, 0x0000024a46875e98]
Event: 1.397 Thread 0x0000024a56905800 1228       3       java.lang.invoke.VarHandleGuards::guard_LII_Z (70 bytes)
Event: 1.398 Thread 0x0000024a56905800 nmethod 1228 0x0000024a46876010 code [0x0000024a468762a0, 0x0000024a468772c8]
Event: 1.413 Thread 0x0000024a56905800 1230       3       java.lang.invoke.VarHandleInts$FieldInstanceReadWrite::compareAndSet (24 bytes)
Event: 1.413 Thread 0x0000024a56905800 nmethod 1230 0x0000024a46877810 code [0x0000024a46877a20, 0x0000024a46877ee8]
Event: 1.924 Thread 0x0000024a56905800 1231       3       java.util.concurrent.locks.ReentrantLock$NonfairSync::tryAcquire (6 bytes)
Event: 1.924 Thread 0x0000024a56905800 nmethod 1231 0x0000024a46878110 code [0x0000024a468782c0, 0x0000024a468783e8]
Event: 1.925 Thread 0x0000024a56905800 1232       3       java.util.concurrent.locks.ReentrantLock$Sync::nonfairTryAcquire (67 bytes)
Event: 1.925 Thread 0x0000024a56905800 nmethod 1232 0x0000024a46878490 code [0x0000024a468786e0, 0x0000024a46878fc8]
Event: 2.160 Thread 0x0000024a56905800 1233       1       org.hotswap.agent.watch.nio.AbstractNIO2Watcher::access$000 (5 bytes)
Event: 2.160 Thread 0x0000024a56905800 nmethod 1233 0x0000024a4dbd8010 code [0x0000024a4dbd81c0, 0x0000024a4dbd8258]

GC Heap History (0 events):
No events

Deoptimization events (20 events):
Event: 0.354 Thread 0x0000024a3da1b800 DEOPT PACKING pc=0x0000024a4db7f538 sp=0x00000078d1efe0b0
Event: 0.354 Thread 0x0000024a3da1b800 DEOPT UNPACKING pc=0x0000024a460c6f2f sp=0x00000078d1efe048 mode 2
Event: 0.383 Thread 0x0000024a3da1b800 Uncommon trap: trap_request=0xffffffc6 fr.pc=0x0000024a4dba5314 relative=0x00000000000003b4
Event: 0.383 Thread 0x0000024a3da1b800 Uncommon trap: reason=bimorphic_or_optimized_type_check action=maybe_recompile pc=0x0000024a4dba5314 method=java.util.HashMap.getNode(ILjava/lang/Object;)Ljava/util/HashMap$Node; @ 126 c2
Event: 0.383 Thread 0x0000024a3da1b800 DEOPT PACKING pc=0x0000024a4dba5314 sp=0x00000078d1efc9b0
Event: 0.383 Thread 0x0000024a3da1b800 DEOPT UNPACKING pc=0x0000024a460c6f2f sp=0x00000078d1efc928 mode 2
Event: 0.383 Thread 0x0000024a3da1b800 Uncommon trap: trap_request=0xffffff4d fr.pc=0x0000024a4dbac820 relative=0x0000000000000e60
Event: 0.383 Thread 0x0000024a3da1b800 Uncommon trap: reason=unstable_if action=reinterpret pc=0x0000024a4dbac820 method=java.util.jar.JarFile.getVersionedEntry(Ljava/lang/String;Ljava/util/jar/JarEntry;)Ljava/util/jar/JarEntry; @ 7 c2
Event: 0.383 Thread 0x0000024a3da1b800 DEOPT PACKING pc=0x0000024a4dbac820 sp=0x00000078d1efcdb0
Event: 0.383 Thread 0x0000024a3da1b800 DEOPT UNPACKING pc=0x0000024a460c6f2f sp=0x00000078d1efcdd0 mode 2
Event: 0.400 Thread 0x0000024a3da1b800 Uncommon trap: trap_request=0xffffff4d fr.pc=0x0000024a4dbb6978 relative=0x0000000000000e58
Event: 0.400 Thread 0x0000024a3da1b800 Uncommon trap: reason=unstable_if action=reinterpret pc=0x0000024a4dbb6978 method=jdk.internal.loader.URLClassPath$JarLoader.getResource(Ljava/lang/String;Z)Ljdk/internal/loader/Resource; @ 42 c2
Event: 0.400 Thread 0x0000024a3da1b800 DEOPT PACKING pc=0x0000024a4dbb6978 sp=0x00000078d1efd7a0
Event: 0.400 Thread 0x0000024a3da1b800 DEOPT UNPACKING pc=0x0000024a460c6f2f sp=0x00000078d1efd7b0 mode 2
Event: 0.632 Thread 0x0000024a3da1b800 DEOPT PACKING pc=0x0000024a466710ed sp=0x00000078d1efddc0
Event: 0.632 Thread 0x0000024a3da1b800 DEOPT UNPACKING pc=0x0000024a460c6d4e sp=0x00000078d1efd240 mode 0
Event: 0.635 Thread 0x0000024a3da1b800 Uncommon trap: trap_request=0xffffffc6 fr.pc=0x0000024a4dba5314 relative=0x00000000000003b4
Event: 0.635 Thread 0x0000024a3da1b800 Uncommon trap: reason=bimorphic_or_optimized_type_check action=maybe_recompile pc=0x0000024a4dba5314 method=java.util.HashMap.getNode(ILjava/lang/Object;)Ljava/util/HashMap$Node; @ 126 c2
Event: 0.635 Thread 0x0000024a3da1b800 DEOPT PACKING pc=0x0000024a4dba5314 sp=0x00000078d1efdef0
Event: 0.635 Thread 0x0000024a3da1b800 DEOPT UNPACKING pc=0x0000024a460c6f2f sp=0x00000078d1efde68 mode 2

Classes redefined (0 events):
No events

Internal exceptions (15 events):
Event: 0.083 Thread 0x0000024a3da1b800 Exception <a 'java/security/PrivilegedActionException'{0x0000000700ee7c38}> (0x0000000700ee7c38) thrown at [./src/hotspot/share/prims/jvm.cpp, line 1298]
Event: 0.083 Thread 0x0000024a3da1b800 Exception <a 'java/security/PrivilegedActionException'{0x0000000700ee7f08}> (0x0000000700ee7f08) thrown at [./src/hotspot/share/prims/jvm.cpp, line 1298]
Event: 0.354 Thread 0x0000024a3da1b800 Implicit null exception at 0x0000024a4dba2ffb to 0x0000024a4dba3714
Event: 0.354 Thread 0x0000024a3da1b800 Implicit null exception at 0x0000024a4dba2595 to 0x0000024a4dba29f0
Event: 0.354 Thread 0x0000024a3da1b800 Implicit null exception at 0x0000024a4db7f4af to 0x0000024a4db7f529
Event: 0.377 Thread 0x0000024a3da1b800 Exception <a 'java/lang/NoSuchMethodError'{0x00000007032419c0}: 'void java.lang.invoke.DelegatingMethodHandle$Holder.delegate(java.lang.Object, java.lang.Object, int, java.lang.Object)'> (0x00000007032419c0) thrown at [./src/hotspot/share/interpreter/linkResolver.cpp, line 773]
Event: 0.378 Thread 0x0000024a3da1b800 Exception <a 'java/lang/NoSuchMethodError'{0x0000000703248e80}: 'java.lang.Object java.lang.invoke.DirectMethodHandle$Holder.invokeStaticInit(java.lang.Object, java.lang.Object, java.lang.Object)'> (0x0000000703248e80) thrown at [./src/hotspot/share/interpreter/linkResolver.cpp, line 773]
Event: 0.397 Thread 0x0000024a3da1b800 Exception <a 'sun/nio/fs/WindowsException'{0x00000007034274a0}> (0x00000007034274a0) thrown at [./src/hotspot/share/prims/jni.cpp, line 616]
Event: 0.398 Thread 0x0000024a3da1b800 Exception <a 'sun/nio/fs/WindowsException'{0x0000000703432250}> (0x0000000703432250) thrown at [./src/hotspot/share/prims/jni.cpp, line 616]
Event: 0.403 Thread 0x0000024a3da1b800 Exception <a 'sun/nio/fs/WindowsException'{0x0000000703491090}> (0x0000000703491090) thrown at [./src/hotspot/share/prims/jni.cpp, line 616]
Event: 0.403 Thread 0x0000024a3da1b800 Exception <a 'sun/nio/fs/WindowsException'{0x0000000703491400}> (0x0000000703491400) thrown at [./src/hotspot/share/prims/jni.cpp, line 616]
Event: 0.637 Thread 0x0000024a3da1b800 Exception <a 'sun/nio/fs/WindowsException'{0x0000000703722b50}> (0x0000000703722b50) thrown at [./src/hotspot/share/prims/jni.cpp, line 616]
Event: 0.637 Thread 0x0000024a3da1b800 Exception <a 'sun/nio/fs/WindowsException'{0x0000000703722f00}> (0x0000000703722f00) thrown at [./src/hotspot/share/prims/jni.cpp, line 616]
Event: 0.639 Thread 0x0000024a3da1b800 Exception <a 'sun/nio/fs/WindowsException'{0x0000000703748a60}> (0x0000000703748a60) thrown at [./src/hotspot/share/prims/jni.cpp, line 616]
Event: 0.639 Thread 0x0000024a3da1b800 Exception <a 'sun/nio/fs/WindowsException'{0x0000000703748d48}> (0x0000000703748d48) thrown at [./src/hotspot/share/prims/jni.cpp, line 616]

Events (20 events):
Event: 0.791 loading class org/lwjgl/system/CheckIntrinsics done
Event: 0.797 loading class org/lwjgl/system/MultiReleaseMemCopy
Event: 0.797 loading class org/lwjgl/system/MultiReleaseMemCopy done
Event: 0.800 loading class org/lwjgl/opengl/GL11C
Event: 0.800 loading class org/lwjgl/opengl/GL11C done
Event: 1.041 Thread 0x0000024a57c60800 Thread exited: 0x0000024a57c60800
Event: 1.115 Loaded shared library C:\Users\forix\AppData\Local\Temp\lwjglforix\3.2.3-build-13\lwjgl.dll
Event: 1.134 Loaded shared library C:\Program Files\Java\dcevm-11.0.8+1\bin\java.dll
Event: 1.261 Loaded shared library C:\Users\forix\AppData\Local\Temp\lwjglforix\3.2.3-build-13\lwjgl_opengl.dll
Event: 1.263 Loaded shared library C:\Users\forix\AppData\Local\Temp\lwjglforix\3.2.3-build-13\lwjgl_opengl.dll
Event: 1.382 loading class org/hotswap/agent/annotation/handler/WatchEventCommand
Event: 1.382 loading class org/hotswap/agent/annotation/handler/WatchEventCommand done
Event: 1.383 loading class org/hotswap/agent/command/impl/SchedulerImpl$1
Event: 1.383 loading class org/hotswap/agent/command/impl/SchedulerImpl$1 done
Event: 1.383 loading class org/hotswap/agent/command/impl/CommandExecutor
Event: 1.383 loading class org/hotswap/agent/command/impl/CommandExecutor done
Event: 1.383 Thread 0x0000024a57c60800 Thread added: 0x0000024a57c60800
Event: 1.383 Executing VM operation: RevokeBias
Event: 1.383 Executing VM operation: RevokeBias done
Event: 1.383 Thread 0x0000024a57c60800 Thread exited: 0x0000024a57c60800


Dynamic libraries:
0x00007ff7860f0000 - 0x00007ff7860fd000 	C:\Program Files\Java\dcevm-11.0.8+1\bin\java.exe
0x00007fff1c710000 - 0x00007fff1c905000 	C:\WINDOWS\SYSTEM32\ntdll.dll
0x00007fff1b4e0000 - 0x00007fff1b59d000 	C:\WINDOWS\System32\KERNEL32.DLL
0x00007fff19e90000 - 0x00007fff1a157000 	C:\WINDOWS\System32\KERNELBASE.dll
0x00007fff1a1c0000 - 0x00007fff1a2c0000 	C:\WINDOWS\System32\ucrtbase.dll
0x00007ffef1e60000 - 0x00007ffef1e77000 	C:\Program Files\Java\dcevm-11.0.8+1\bin\jli.dll
0x00007ffef3ba0000 - 0x00007ffef3bb5000 	C:\Program Files\Java\dcevm-11.0.8+1\bin\VCRUNTIME140.dll
0x00007fff1c090000 - 0x00007fff1c230000 	C:\WINDOWS\System32\USER32.dll
0x00007fff06840000 - 0x00007fff06ada000 	C:\WINDOWS\WinSxS\amd64_microsoft.windows.common-controls_6595b64144ccf1df_6.0.19041.1_none_b555e41d4684ddec\COMCTL32.dll
0x00007fff1a590000 - 0x00007fff1a5b2000 	C:\WINDOWS\System32\win32u.dll
0x00007fff1c4c0000 - 0x00007fff1c55e000 	C:\WINDOWS\System32\msvcrt.dll
0x00007fff1c3c0000 - 0x00007fff1c3ea000 	C:\WINDOWS\System32\GDI32.dll
0x00007fff1a670000 - 0x00007fff1a77a000 	C:\WINDOWS\System32\gdi32full.dll
0x00007fff1a470000 - 0x00007fff1a50d000 	C:\WINDOWS\System32\msvcp_win.dll
0x00007fff1c060000 - 0x00007fff1c090000 	C:\WINDOWS\System32\IMM32.DLL
0x00007ffeec3a0000 - 0x00007ffeec43b000 	C:\Program Files\Java\dcevm-11.0.8+1\bin\msvcp140.dll
0x00007ffeb1bc0000 - 0x00007ffeb268a000 	C:\Program Files\Java\dcevm-11.0.8+1\bin\server\jvm.dll
0x00007fff1aae0000 - 0x00007fff1ab8a000 	C:\WINDOWS\System32\ADVAPI32.dll
0x00007fff1b5a0000 - 0x00007fff1b63b000 	C:\WINDOWS\System32\sechost.dll
0x00007fff1bf30000 - 0x00007fff1c053000 	C:\WINDOWS\System32\RPCRT4.dll
0x00007fff1c560000 - 0x00007fff1c568000 	C:\WINDOWS\System32\PSAPI.DLL
0x00007fff15b10000 - 0x00007fff15b19000 	C:\WINDOWS\SYSTEM32\WSOCK32.dll
0x00007fff10dd0000 - 0x00007fff10df7000 	C:\WINDOWS\SYSTEM32\WINMM.dll
0x00007fff13490000 - 0x00007fff1349a000 	C:\WINDOWS\SYSTEM32\VERSION.dll
0x00007fff1c600000 - 0x00007fff1c66b000 	C:\WINDOWS\System32\WS2_32.dll
0x00007fff17e00000 - 0x00007fff17e13000 	C:\WINDOWS\SYSTEM32\kernel.appcore.dll
0x00007ffef6bb0000 - 0x00007ffef6bc0000 	C:\Program Files\Java\dcevm-11.0.8+1\bin\verify.dll
0x00007fff07370000 - 0x00007fff07554000 	C:\WINDOWS\SYSTEM32\DBGHELP.DLL
0x00007fff078a0000 - 0x00007fff078cc000 	C:\WINDOWS\SYSTEM32\dbgcore.DLL
0x00007fff1a510000 - 0x00007fff1a58f000 	C:\WINDOWS\System32\bcryptPrimitives.dll
0x00007ffef19d0000 - 0x00007ffef19f8000 	C:\Program Files\Java\dcevm-11.0.8+1\bin\java.dll
0x00007ffef5060000 - 0x00007ffef506a000 	C:\Program Files\Java\dcevm-11.0.8+1\bin\jimage.dll
0x00007ffef4320000 - 0x00007ffef432e000 	C:\Program Files\Java\dcevm-11.0.8+1\bin\instrument.dll
0x00007ffef1960000 - 0x00007ffef1977000 	C:\Program Files\Java\dcevm-11.0.8+1\bin\zip.dll
0x00007fff1acf0000 - 0x00007fff1b430000 	C:\WINDOWS\System32\SHELL32.dll
0x00007fff18000000 - 0x00007fff18791000 	C:\WINDOWS\SYSTEM32\windows.storage.dll
0x00007fff1a780000 - 0x00007fff1aad3000 	C:\WINDOWS\System32\combase.dll
0x00007fff198e0000 - 0x00007fff1990c000 	C:\WINDOWS\SYSTEM32\Wldp.dll
0x00007fff1c3f0000 - 0x00007fff1c49e000 	C:\WINDOWS\System32\SHCORE.dll
0x00007fff1b640000 - 0x00007fff1b695000 	C:\WINDOWS\System32\shlwapi.dll
0x00007fff19da0000 - 0x00007fff19dbf000 	C:\WINDOWS\SYSTEM32\profapi.dll
0x00007ffef0fe0000 - 0x00007ffef0ff9000 	C:\Program Files\Java\dcevm-11.0.8+1\bin\net.dll
0x00007fff132b0000 - 0x00007fff133b0000 	C:\WINDOWS\SYSTEM32\WINHTTP.dll
0x00007fff19660000 - 0x00007fff196ca000 	C:\WINDOWS\system32\mswsock.dll
0x00007ffef0fc0000 - 0x00007ffef0fd2000 	C:\Program Files\Java\dcevm-11.0.8+1\bin\nio.dll
0x00007fff091e0000 - 0x00007fff09244000 	C:\Users\forix\AppData\Local\Temp\lwjglforix\3.2.3-build-13\lwjgl.dll
0x00007fff09170000 - 0x00007fff091d2000 	C:\Users\forix\AppData\Local\Temp\lwjglforix\3.2.3-build-13\glfw.dll
0x00007fff17940000 - 0x00007fff179df000 	C:\WINDOWS\system32\uxtheme.dll
0x00007ffeec190000 - 0x00007ffeec1d5000 	C:\WINDOWS\SYSTEM32\dinput8.dll
0x00007ffef3b80000 - 0x00007ffef3b91000 	C:\WINDOWS\SYSTEM32\xinput1_4.dll
0x00007fff1a420000 - 0x00007fff1a46d000 	C:\WINDOWS\System32\cfgmgr32.dll
0x00007fff19c20000 - 0x00007fff19c4c000 	C:\WINDOWS\SYSTEM32\DEVOBJ.dll
0x00007fff17c20000 - 0x00007fff17c4f000 	C:\WINDOWS\SYSTEM32\dwmapi.dll
0x00007ffef4330000 - 0x00007ffef4482000 	C:\WINDOWS\SYSTEM32\inputhost.dll
0x00007fff1b6a0000 - 0x00007fff1b76d000 	C:\WINDOWS\System32\OLEAUT32.dll
0x00007fff174a0000 - 0x00007fff17592000 	C:\WINDOWS\SYSTEM32\CoreMessaging.dll
0x00007fff16a40000 - 0x00007fff16b96000 	C:\WINDOWS\SYSTEM32\wintypes.dll
0x00007fff15860000 - 0x00007fff15955000 	C:\WINDOWS\SYSTEM32\PROPSYS.dll
0x00007fff17140000 - 0x00007fff1749a000 	C:\WINDOWS\SYSTEM32\CoreUIComponents.dll
0x00007fff18bd0000 - 0x00007fff18c03000 	C:\WINDOWS\SYSTEM32\ntmarta.dll
0x00007fff1bda0000 - 0x00007fff1beb5000 	C:\WINDOWS\System32\MSCTF.dll
0x00007fff187a0000 - 0x00007fff187ad000 	C:\WINDOWS\SYSTEM32\HID.DLL
0x00007fff1b920000 - 0x00007fff1bd87000 	C:\WINDOWS\System32\SETUPAPI.DLL
0x00007fff19e60000 - 0x00007fff19e87000 	C:\WINDOWS\System32\bcrypt.dll
0x00007fff1a160000 - 0x00007fff1a1c0000 	C:\WINDOWS\System32\WINTRUST.dll
0x00007fff1a2c0000 - 0x00007fff1a41d000 	C:\WINDOWS\System32\CRYPT32.dll
0x00007fff19a60000 - 0x00007fff19a72000 	C:\WINDOWS\SYSTEM32\MSASN1.dll
0x00007fff09160000 - 0x00007fff09170000 	C:\Windows\System32\pid.dll
0x00007ffef6840000 - 0x00007ffef699c000 	C:\WINDOWS\SYSTEM32\opengl32.dll
0x00007ffef6cf0000 - 0x00007ffef6d1c000 	C:\WINDOWS\SYSTEM32\GLU32.dll
0x00007ffeaf370000 - 0x00007ffeb1bb8000 	C:\WINDOWS\System32\DriverStore\FileRepository\nv_dispi.inf_amd64_ba8c9c14f3d320cb\nvoglv64.dll
0x00007fff1c290000 - 0x00007fff1c3b9000 	C:\WINDOWS\System32\ole32.dll
0x00007fff15c50000 - 0x00007fff15c64000 	C:\WINDOWS\SYSTEM32\WTSAPI32.dll
0x00007fff11440000 - 0x00007fff1147b000 	C:\WINDOWS\SYSTEM32\dxcore.dll
0x00007fff01ee0000 - 0x00007fff0218e000 	C:\WINDOWS\system32\nvspcap64.dll
0x00007fff19420000 - 0x00007fff1946b000 	C:\WINDOWS\SYSTEM32\powrprof.dll
0x00007fff192e0000 - 0x00007fff192f2000 	C:\WINDOWS\SYSTEM32\UMPDC.dll
0x00007fff19170000 - 0x00007fff191ca000 	C:\WINDOWS\SYSTEM32\WINSTA.dll
0x00007ffef4490000 - 0x00007ffef458c000 	C:\WINDOWS\SYSTEM32\textinputframework.dll
0x00007ffee5570000 - 0x00007ffee55c9000 	C:\Users\forix\AppData\Local\Temp\lwjglforix\3.2.3-build-13\lwjgl_opengl.dll

dbghelp: loaded successfully - version: 4.0.5 - missing functions: none
symbol engine: initialized successfully - sym options: 0x614 - pdb path: .;C:\Program Files\Java\dcevm-11.0.8+1\bin;C:\WINDOWS\SYSTEM32;C:\WINDOWS\WinSxS\amd64_microsoft.windows.common-controls_6595b64144ccf1df_6.0.19041.1_none_b555e41d4684ddec;C:\Program Files\Java\dcevm-11.0.8+1\bin\server;C:\Users\forix\AppData\Local\Temp\lwjglforix\3.2.3-build-13;C:\WINDOWS\System32\DriverStore\FileRepository\nv_dispi.inf_amd64_ba8c9c14f3d320cb

VM Arguments:
jvm_args: -Dfile.encoding=windows-1252 -Duser.country=MA -Duser.language=fr -Duser.variant 
java_command: ma.forix.renderer.Renderer
java_class_path (initial): D:\Programmation\Intellij projects\factory\build\classes\java\main;D:\Programmation\Intellij projects\factory\build\resources\main;C:\JDBC driver\mysql-connector-java-8.0.21.jar;D:\Programmation\Intellij projects\factory\libs\lwjgl-assimp-natives-linux.jar;D:\Programmation\Intellij projects\factory\libs\lwjgl-assimp-natives-macos.jar;D:\Programmation\Intellij projects\factory\libs\lwjgl-assimp-natives-windows.jar;D:\Programmation\Intellij projects\factory\libs\lwjgl-assimp.jar;D:\Programmation\Intellij projects\factory\libs\lwjgl-glfw-natives-linux.jar;D:\Programmation\Intellij projects\factory\libs\lwjgl-glfw-natives-macos.jar;D:\Programmation\Intellij projects\factory\libs\lwjgl-glfw-natives-windows.jar;D:\Programmation\Intellij projects\factory\libs\lwjgl-glfw.jar;D:\Programmation\Intellij projects\factory\libs\lwjgl-natives-linux.jar;D:\Programmation\Intellij projects\factory\libs\lwjgl-natives-macos.jar;D:\Programmation\Intellij projects\factory\libs\lwjgl-natives-windows.jar;D:\Programmation\Intellij projects\factory\libs\lwjgl-openal-natives-linux.jar;D:\Programmation\Intellij projects\factory\libs\lwjgl-openal-natives-macos.jar;D:\Programmation\Intellij projects\factory\libs\lwjgl-openal-natives-windows.jar;D:\Programmation\Intellij projects\factory\libs\lwjgl-openal.jar;D:\Programmation\Intellij projects\factory\libs\lwjgl-opengl-natives-linux.jar;D:\Programmation\Intellij projects\factory\libs\lwjgl-opengl-natives-macos.jar;D:\Programmation\Intellij projects\factory\libs\lwjgl-opengl-natives-windows.jar;D:\Programmation\Intellij projects\factory\libs\lwjgl-opengl.jar;D:\Programmation\Intellij projects\factory\libs\lwjgl-stb-natives-linux.jar;D:\Programmation\Intellij projects\factory\libs\lwjgl-stb-natives-macos.jar;D:\Programmation\Intellij projects\factory\libs\lwjgl-stb-natives-windows.jar;D:\Programmation\Intellij projects\factory\libs\lwjgl-stb.jar;D:\Programmation\Intellij projects\factory\libs\lwjgl.jar
Launcher Type: SUN_STANDARD

[Global flags]
     intx CICompilerCount                          = 3                                         {product} {ergonomic}
   size_t InitialHeapSize                          = 268435456                                 {product} {ergonomic}
   size_t MaxHeapSize                              = 4280287232                                {product} {ergonomic}
   size_t MaxNewSize                               = 1426718720                                {product} {ergonomic}
   size_t MinHeapDeltaBytes                        = 196608                                    {product} {ergonomic}
   size_t NewSize                                  = 89456640                                  {product} {ergonomic}
    uintx NonNMethodCodeHeapSize                   = 5830732                                {pd product} {ergonomic}
    uintx NonProfiledCodeHeapSize                  = 122913754                              {pd product} {ergonomic}
   size_t OldSize                                  = 178978816                                 {product} {ergonomic}
    uintx ProfiledCodeHeapSize                     = 122913754                              {pd product} {ergonomic}
    uintx ReservedCodeCacheSize                    = 251658240                              {pd product} {ergonomic}
     bool SegmentedCodeCache                       = true                                      {product} {ergonomic}
     bool UseCompressedClassPointers               = true                                 {lp64_product} {ergonomic}
     bool UseCompressedOops                        = true                                 {lp64_product} {ergonomic}
     bool UseLargePagesIndividualAllocation        = false                                  {pd product} {ergonomic}
     bool UseSerialGC                              = true                                      {product} {ergonomic}

Logging:
Log output configuration:
 #0: stdout all=warning uptime,level,tags
 #1: stderr all=off uptime,level,tags

Environment Variables:
PATH=C:\Program Files\Common Files\Oracle\Java\javapath;C:\Program Files (x86)\Common Files\Oracle\Java\javapath;C:\Windows\system32;C:\Windows;C:\Windows\System32\Wbem;C:\Windows\System32\WindowsPowerShell\v1.0\;C:\Windows\System32\OpenSSH\;C:\Program Files\NVIDIA Corporation\NVIDIA NvDLISR;C:\Program Files (x86)\NVIDIA Corporation\PhysX\Common;C:\ffmpeg\bin;C:\Gradle\gradle-6.3\bin;C:\Program Files\dotnet\;C:\Program Files\Microsoft SQL Server\130\Tools\Binn\;C:\WINDOWS\system32;C:\WINDOWS;C:\WINDOWS\System32\Wbem;C:\WINDOWS\System32\WindowsPowerShell\v1.0\;C:\WINDOWS\System32\OpenSSH\;C:\Program Files\Git\cmd;C:\Program Files\Process Lasso\;C:\Users\forix\AppData\Local\Microsoft\WindowsApps;C:\Users\forix\AppData\Local\Programs\Microsoft VS Code\bin;C:\Gradle\gradle-6.3\bin;C:\Users\forix\.dotnet\tools;C:\Program Files\JetBrains\IntelliJ IDEA Community Edition 2020.2\bin;;C:\Users\forix\AppData\Local\GitHubDesktop\bin
USERNAME=forix
OS=Windows_NT
PROCESSOR_IDENTIFIER=Intel64 Family 6 Model 158 Stepping 10, GenuineIntel



---------------  S Y S T E M  ---------------

OS: Windows 10 , 64 bit Build 19041 (10.0.19041.292)
OS uptime: 0 days 0:43 hours

CPU:total 6 (initial active 6) (6 cores per cpu, 1 threads per core) family 6 model 158 stepping 10, cmov, cx8, fxsr, mmx, sse, sse2, sse3, ssse3, sse4.1, sse4.2, popcnt, avx, avx2, aes, clmul, erms, 3dnowpref, lzcnt, tsc, tscinvbit, bmi1, bmi2, adx, fma

Memory: 4k page, system-wide physical 16326M (8549M free)
TotalPageFile size 25030M (AvailPageFile size 13894M)
current process WorkingSet (physical memory assigned to process): 134M, peak: 135M
current process commit charge ("private bytes"): 328M, peak: 331M

vm_info: Dynamic Code Evolution 64-Bit Server VM (11.0.8+1-202007270708) for windows-amd64 JRE (11.0.8+1-202007270708), built on Jul 27 2020 07:33:35 by "travis" with MS VC++ 15.9 (VS2017)

END.
